INFO: 2022-12-14 21:40:35,201: main() 'Using profile folder /home/arcolarge/.config/variety/'
INFO: 2022-12-14 21:40:35,211: perform_upgrade() 'Last run version was 0.8.9 or earlier, current version is 0.8.9'
INFO: 2022-12-14 21:40:35,450: process_command() 'Received command: []'
INFO: 2022-12-14 21:40:35,543: start() 'Using data_path /usr/share/variety'
INFO: 2022-12-14 21:40:35,543: load() 'Jumble loading'
INFO: 2022-12-14 21:40:35,558: _walk_modules() 'Jumble loading module in __init__ from /usr/lib/python3.10/site-packages/variety/plugins/builtin/__init__.py'
INFO: 2022-12-14 21:40:35,559: _walk_modules() 'Jumble loading module in LocalFilesSource from /usr/lib/python3.10/site-packages/variety/plugins/builtin/quotes/LocalFilesSource.py'
INFO: 2022-12-14 21:40:35,559: load() 'Jumble found plugin class: <class 'LocalFilesSource.LocalFilesSource'>: {'name': 'Local text files', 'description': 'Displays quotes, defined in local text files.\nPut your own txt files in: ~/.config/variety/pluginconfig/quotes/.\nThe file format is:\n\nquote -- author\n.\nsecond quote -- another author\n.\netc...\n\nExample: http://rvelthuis.de/zips/quotes.txt', 'author': 'Peter Levi', 'version': '0.1'}'
INFO: 2022-12-14 21:40:35,560: _walk_modules() 'Jumble loading module in GoodreadsSource from /usr/lib/python3.10/site-packages/variety/plugins/builtin/quotes/GoodreadsSource.py'
INFO: 2022-12-14 21:40:35,596: load() 'Jumble found plugin class: <class 'GoodreadsSource.GoodreadsSource'>: {'name': 'Goodreads', 'description': 'Fetches quotes from Goodreads.com', 'author': 'Peter Levi', 'version': '0.1'}'
INFO: 2022-12-14 21:40:35,596: _walk_modules() 'Jumble loading module in UrbanDictionarySource from /usr/lib/python3.10/site-packages/variety/plugins/builtin/quotes/UrbanDictionarySource.py'
INFO: 2022-12-14 21:40:35,596: load() 'Jumble found plugin class: <class 'UrbanDictionarySource.UrbanDictionarySource'>: {'name': 'Urban Dictionary', 'description': 'Displays definitions from Urban Dictionary', 'author': 'James Miller', 'version': '0.1'}'
INFO: 2022-12-14 21:40:35,597: _walk_modules() 'Jumble loading module in QuotationsPageSource from /usr/lib/python3.10/site-packages/variety/plugins/builtin/quotes/QuotationsPageSource.py'
INFO: 2022-12-14 21:40:35,597: load() 'Jumble found plugin class: <class 'QuotationsPageSource.QuotationsPageSource'>: {'name': 'TheQuotationsPage.com', 'description': 'Fetches quotes from TheQuotationsPage.com', 'author': 'Peter Levi', 'version': '0.1'}'
INFO: 2022-12-14 21:40:35,598: _walk_modules() 'Jumble loading module in __init__ from /usr/lib/python3.10/site-packages/variety/plugins/builtin/quotes/__init__.py'
INFO: 2022-12-14 21:40:35,649: _walk_modules() 'Jumble loading module in FortuneSource from /usr/lib/python3.10/site-packages/variety/plugins/builtin/quotes/FortuneSource.py'
INFO: 2022-12-14 21:40:35,651: load() 'Jumble found plugin class: <class 'FortuneSource.FortuneSource'>: {'name': 'UNIX fortune program', 'description': 'Displays quotes using the UNIX fortune program. You may want to install additional fortune packs, e.g. fortunes-bofh-excuses.', 'author': 'Dan Jones', 'version': '0.1'}'
INFO: 2022-12-14 21:40:35,651: _walk_modules() 'Jumble loading module in MediaRSSDownloader from /usr/lib/python3.10/site-packages/variety/plugins/builtin/downloaders/MediaRSSDownloader.py'
INFO: 2022-12-14 21:40:35,652: _walk_modules() 'Jumble loading module in WallhavenLegacyDownloader from /usr/lib/python3.10/site-packages/variety/plugins/builtin/downloaders/WallhavenLegacyDownloader.py'
INFO: 2022-12-14 21:40:35,653: _walk_modules() 'Jumble loading module in NationalGeographicDownloader from /usr/lib/python3.10/site-packages/variety/plugins/builtin/downloaders/NationalGeographicDownloader.py'
INFO: 2022-12-14 21:40:35,688: load() 'Jumble found plugin class: <class 'NationalGeographicDownloader.NationalGeographicDownloader'>: {'name': 'NationalGeographicDownloader', 'description': "National Geographic's photo of the day", 'author': 'Eric Rösch', 'version': '0.1'}'
INFO: 2022-12-14 21:40:35,698: _walk_modules() 'Jumble loading module in WallhavenDownloader from /usr/lib/python3.10/site-packages/variety/plugins/builtin/downloaders/WallhavenDownloader.py'
INFO: 2022-12-14 21:40:35,701: _walk_modules() 'Jumble loading module in RedditSource from /usr/lib/python3.10/site-packages/variety/plugins/builtin/downloaders/RedditSource.py'
INFO: 2022-12-14 21:40:35,713: load() 'Jumble found plugin class: <class 'RedditSource.RedditSource'>: {'name': 'RedditSource', 'description': 'Configurable source for fetching images from Reddit', 'author': 'Peter Levi', 'version': '0.1'}'
INFO: 2022-12-14 21:40:35,731: _walk_modules() 'Jumble loading module in UnsplashConfigurableSource from /usr/lib/python3.10/site-packages/variety/plugins/builtin/downloaders/UnsplashConfigurableSource.py'
INFO: 2022-12-14 21:40:35,755: load() 'Jumble found plugin class: <class 'UnsplashConfigurableSource.UnsplashConfigurableSource'>: {'name': 'UnsplashConfigurableSource', 'description': 'Configurable source for fetching photos from Unsplash.com', 'author': 'Peter Levi', 'version': '0.1'}'
INFO: 2022-12-14 21:40:35,756: _walk_modules() 'Jumble loading module in ArtStationSource from /usr/lib/python3.10/site-packages/variety/plugins/builtin/downloaders/ArtStationSource.py'
INFO: 2022-12-14 21:40:35,757: load() 'Jumble found plugin class: <class 'ArtStationSource.ArtStationSource'>: {'name': 'ArtStationSource', 'description': 'Configurable source for fetching images from ArtStation', 'author': 'Denis Gordeev', 'version': '0.1'}'
INFO: 2022-12-14 21:40:35,757: _walk_modules() 'Jumble loading module in UnsplashDownloader from /usr/lib/python3.10/site-packages/variety/plugins/builtin/downloaders/UnsplashDownloader.py'
INFO: 2022-12-14 21:40:35,758: load() 'Jumble found plugin class: <class 'UnsplashDownloader.UnsplashDownloader'>: {'name': 'UnsplashDownloader', 'description': 'High-resolution photos from Unsplash.com', 'author': 'Peter Levi', 'version': '0.1'}'
INFO: 2022-12-14 21:40:35,758: _walk_modules() 'Jumble loading module in MediaRSSSource from /usr/lib/python3.10/site-packages/variety/plugins/builtin/downloaders/MediaRSSSource.py'
INFO: 2022-12-14 21:40:35,760: load() 'Jumble found plugin class: <class 'MediaRSSSource.MediaRSSSource'>: {'name': 'MediaRSSSource', 'description': 'Configurable source for fetching images from MediaRSS feeds', 'author': 'Peter Levi', 'version': '0.1'}'
INFO: 2022-12-14 21:40:35,760: _walk_modules() 'Jumble loading module in RedditDownloader from /usr/lib/python3.10/site-packages/variety/plugins/builtin/downloaders/RedditDownloader.py'
INFO: 2022-12-14 21:40:35,760: _walk_modules() 'Jumble loading module in __init__ from /usr/lib/python3.10/site-packages/variety/plugins/builtin/downloaders/__init__.py'
INFO: 2022-12-14 21:40:35,761: _walk_modules() 'Jumble loading module in EarthviewDownloader from /usr/lib/python3.10/site-packages/variety/plugins/builtin/downloaders/EarthviewDownloader.py'
INFO: 2022-12-14 21:40:35,762: load() 'Jumble found plugin class: <class 'EarthviewDownloader.EarthviewDownloader'>: {'name': 'EarthviewDownloader', 'description': 'Google Earth View Wallpapers', 'author': 'Peter Levi', 'version': '0.1'}'
INFO: 2022-12-14 21:40:35,791: _walk_modules() 'Jumble loading module in WallhavenSource from /usr/lib/python3.10/site-packages/variety/plugins/builtin/downloaders/WallhavenSource.py'
INFO: 2022-12-14 21:40:35,801: load() 'Jumble found plugin class: <class 'WallhavenSource.WallhavenSource'>: {'name': 'WallhavenSource', 'description': 'Configurable source for fetching images from Wallhaven.cc', 'author': 'Peter Levi', 'version': '0.1'}'
INFO: 2022-12-14 21:40:35,806: _walk_modules() 'Jumble loading module in BingDownloader from /usr/lib/python3.10/site-packages/variety/plugins/builtin/downloaders/BingDownloader.py'
INFO: 2022-12-14 21:40:35,824: load() 'Jumble found plugin class: <class 'BingDownloader.BingDownloader'>: {'name': 'BingDownloader', 'description': 'Bing Photo of the Day', 'author': 'Peter Levi', 'version': '0.1'}'
INFO: 2022-12-14 21:40:35,835: _walk_modules() 'Jumble loading module in APODDownloader from /usr/lib/python3.10/site-packages/variety/plugins/builtin/downloaders/APODDownloader.py'
INFO: 2022-12-14 21:40:35,928: load() 'Jumble found plugin class: <class 'APODDownloader.APODDownloader'>: {'name': 'APODDownloader', 'description': 'NASA Astro Pic of the Day', 'author': 'Peter Levi', 'version': '0.1'}'
INFO: 2022-12-14 21:40:35,928: _walk_modules() 'Jumble loading module in ArtStationDownloader from /usr/lib/python3.10/site-packages/variety/plugins/builtin/downloaders/ArtStationDownloader.py'
INFO: 2022-12-14 21:40:35,929: _walk_modules() 'Jumble loading module in LegacyDisplayModesPlugin from /usr/lib/python3.10/site-packages/variety/plugins/builtin/display_modes/LegacyDisplayModesPlugin.py'
INFO: 2022-12-14 21:40:35,930: load() 'Jumble found plugin class: <class 'LegacyDisplayModesPlugin.LegacyDisplayModesPlugin'>: {'name': 'LegacyDisplayModesPlugin', 'description': 'Legacy display mode for compatibility with past Variety versions', 'version': '1.0', 'author': 'Peter Levi'}'
INFO: 2022-12-14 21:40:35,931: _walk_modules() 'Jumble loading module in __init__ from /usr/lib/python3.10/site-packages/variety/plugins/builtin/display_modes/__init__.py'
INFO: 2022-12-14 21:40:35,931: _walk_modules() 'Jumble loading module in GnomeDisplayModesPlugin from /usr/lib/python3.10/site-packages/variety/plugins/builtin/display_modes/GnomeDisplayModesPlugin.py'
INFO: 2022-12-14 21:40:35,932: load() 'Jumble found plugin class: <class 'GnomeDisplayModesPlugin.GnomeDisplayModesPlugin'>: {'name': 'GnomeDisplayModesPlugin', 'description': 'Display modes relying on the underlying desktop environment', 'version': '1.0', 'author': 'Peter Levi'}'
INFO: 2022-12-14 21:40:35,932: _walk_modules() 'Jumble loading module in ResizingDisplayModesPlugin from /usr/lib/python3.10/site-packages/variety/plugins/builtin/display_modes/ResizingDisplayModesPlugin.py'
INFO: 2022-12-14 21:40:35,933: load() 'Jumble found plugin class: <class 'ResizingDisplayModesPlugin.ResizingDisplayModesPlugin'>: {'name': 'ResizingDisplayModesPlugin', 'description': 'Display modes that use image resizing within Variety', 'version': '1.0', 'author': 'Peter Levi'}'
INFO: 2022-12-14 21:40:36,313: reload_config() 'Creating new downloader for type wallhaven, location minimal'
INFO: 2022-12-14 21:40:36,313: reload_config() 'Creating new downloader for type wallhaven, location space'
INFO: 2022-12-14 21:40:36,313: reload_config() 'Creating new downloader for type wallhaven, location scifi'
INFO: 2022-12-14 21:40:36,315: log_options() 'Loaded options:'
INFO: 2022-12-14 21:40:36,315: log_options() 'change_enabled = True'
INFO: 2022-12-14 21:40:36,315: log_options() 'change_interval = 600'
INFO: 2022-12-14 21:40:36,316: log_options() 'change_on_start = True'
INFO: 2022-12-14 21:40:36,316: log_options() 'clipboard_enabled = False'
INFO: 2022-12-14 21:40:36,316: log_options() 'clipboard_hosts = ['wallhaven.cc', 'wallpapers.net', 'flickr.com', 'imgur.com', 'deviantart.com', 'interfacelift.com', 'vladstudio.com', 'imageshack.us', 'deviantart.net', 'imageshack.com']'
INFO: 2022-12-14 21:40:36,316: log_options() 'clipboard_use_whitelist = True'
INFO: 2022-12-14 21:40:36,316: log_options() 'clock_date_font = Serif 30'
INFO: 2022-12-14 21:40:36,316: log_options() 'clock_enabled = False'
INFO: 2022-12-14 21:40:36,316: log_options() 'clock_filter = -density 100 -font `fc-match -f '%{file[0]}' '%CLOCK_FONT_NAME'` -pointsize %CLOCK_FONT_SIZE -gravity SouthEast -fill '#00000044' -annotate 0x0+[%HOFFSET+58]+[%VOFFSET+108] '%H:%M' -fill white -annotate 0x0+[%HOFFSET+60]+[%VOFFSET+110] '%H:%M' -font `fc-match -f '%{file[0]}' '%DATE_FONT_NAME'` -pointsize %DATE_FONT_SIZE -fill '#00000044' -annotate 0x0+[%HOFFSET+58]+[%VOFFSET+58] '%A, %B %d' -fill white -annotate 0x0+[%HOFFSET+60]+[%VOFFSET+60] '%A, %B %d''
INFO: 2022-12-14 21:40:36,316: log_options() 'clock_font = Serif 70'
INFO: 2022-12-14 21:40:36,316: log_options() 'configfile = /home/arcolarge/.config/variety/variety.conf'
INFO: 2022-12-14 21:40:36,316: log_options() 'copyto_enabled = False'
INFO: 2022-12-14 21:40:36,316: log_options() 'copyto_folder = Default'
INFO: 2022-12-14 21:40:36,316: log_options() 'desired_color = [160, 160, 160]'
INFO: 2022-12-14 21:40:36,316: log_options() 'desired_color_enabled = False'
INFO: 2022-12-14 21:40:36,316: log_options() 'download_folder = /home/arcolarge/Dropbox/Apps/wallpapers/downloaded/'
INFO: 2022-12-14 21:40:36,316: log_options() 'download_preference_ratio = 0.9'
INFO: 2022-12-14 21:40:36,316: log_options() 'favorites_folder = /home/arcolarge/Dropbox/Apps/wallpapers/favorites'
INFO: 2022-12-14 21:40:36,316: log_options() 'favorites_operations = [['Downloaded', 'Copy'], ['Fetched', 'Move'], ['Others', 'Copy']]'
INFO: 2022-12-14 21:40:36,316: log_options() 'fetched_folder = /home/arcolarge/.config/variety/Fetched'
INFO: 2022-12-14 21:40:36,317: log_options() 'filters = [[False, 'Keep original', ''], [False, 'Grayscale', '-type Grayscale'], [False, 'Heavy blur', '-scale 20% -blur 0x10 -resize 500%'], [False, 'Soft blur', '-scale 20% -blur 0x2 -resize 500%'], [False, 'Oil painting', '-paint 8'], [False, 'Pointilism', '-spread 10 -noise 3'], [False, 'Pixellate', '-scale 3% -scale 3333%']]'
INFO: 2022-12-14 21:40:36,317: log_options() 'get_wallpaper_script = /home/arcolarge/.config/variety/scripts/get_wallpaper_arco'
INFO: 2022-12-14 21:40:36,317: log_options() 'icon = Light'
INFO: 2022-12-14 21:40:36,317: log_options() 'internet_enabled = True'
INFO: 2022-12-14 21:40:36,317: log_options() 'lightness_enabled = False'
INFO: 2022-12-14 21:40:36,317: log_options() 'lightness_mode = 0'
INFO: 2022-12-14 21:40:36,317: log_options() 'min_rating = 4'
INFO: 2022-12-14 21:40:36,317: log_options() 'min_rating_enabled = False'
INFO: 2022-12-14 21:40:36,317: log_options() 'min_size = 80'
INFO: 2022-12-14 21:40:36,317: log_options() 'min_size_enabled = True'
INFO: 2022-12-14 21:40:36,317: log_options() 'quota_enabled = True'
INFO: 2022-12-14 21:40:36,317: log_options() 'quota_size = 1000'
INFO: 2022-12-14 21:40:36,317: log_options() 'quotes_authors = '
INFO: 2022-12-14 21:40:36,317: log_options() 'quotes_bg_color = [80, 80, 80]'
INFO: 2022-12-14 21:40:36,317: log_options() 'quotes_bg_opacity = 55'
INFO: 2022-12-14 21:40:36,317: log_options() 'quotes_change_enabled = False'
INFO: 2022-12-14 21:40:36,317: log_options() 'quotes_change_interval = 300'
INFO: 2022-12-14 21:40:36,318: log_options() 'quotes_disabled_sources = ['Urban Dictionary']'
INFO: 2022-12-14 21:40:36,318: log_options() 'quotes_enabled = False'
INFO: 2022-12-14 21:40:36,318: log_options() 'quotes_favorites_file = /home/arcolarge/.config/variety/favorite_quotes.txt'
INFO: 2022-12-14 21:40:36,318: log_options() 'quotes_font = Serif 30'
INFO: 2022-12-14 21:40:36,318: log_options() 'quotes_hpos = 100'
INFO: 2022-12-14 21:40:36,318: log_options() 'quotes_max_length = 250'
INFO: 2022-12-14 21:40:36,318: log_options() 'quotes_tags = '
INFO: 2022-12-14 21:40:36,318: log_options() 'quotes_text_color = [255, 255, 255]'
INFO: 2022-12-14 21:40:36,318: log_options() 'quotes_text_shadow = False'
INFO: 2022-12-14 21:40:36,318: log_options() 'quotes_vpos = 40'
INFO: 2022-12-14 21:40:36,318: log_options() 'quotes_width = 70'
INFO: 2022-12-14 21:40:36,318: log_options() 'safe_mode = False'
INFO: 2022-12-14 21:40:36,318: log_options() 'set_wallpaper_script = /home/arcolarge/.config/variety/scripts/set_wallpaper_arco'
INFO: 2022-12-14 21:40:36,318: log_options() 'slideshow_custom_enabled = False'
INFO: 2022-12-14 21:40:36,318: log_options() 'slideshow_custom_folder = /home/arcolarge/Pictures'
INFO: 2022-12-14 21:40:36,318: log_options() 'slideshow_downloads_enabled = False'
INFO: 2022-12-14 21:40:36,318: log_options() 'slideshow_fade = 0.4'
INFO: 2022-12-14 21:40:36,318: log_options() 'slideshow_favorites_enabled = True'
INFO: 2022-12-14 21:40:36,318: log_options() 'slideshow_mode = Fullscreen'
INFO: 2022-12-14 21:40:36,318: log_options() 'slideshow_monitor = All'
INFO: 2022-12-14 21:40:36,319: log_options() 'slideshow_pan = 0.05'
INFO: 2022-12-14 21:40:36,319: log_options() 'slideshow_seconds = 6.0'
INFO: 2022-12-14 21:40:36,319: log_options() 'slideshow_sort_order = Random'
INFO: 2022-12-14 21:40:36,319: log_options() 'slideshow_sources_enabled = True'
INFO: 2022-12-14 21:40:36,319: log_options() 'slideshow_zoom = 0.2'
INFO: 2022-12-14 21:40:36,319: log_options() 'smart_enabled = False'
INFO: 2022-12-14 21:40:36,319: log_options() 'smart_notice_shown = False'
INFO: 2022-12-14 21:40:36,319: log_options() 'smart_register_shown = False'
INFO: 2022-12-14 21:40:36,319: log_options() 'sources = [[False, 'favorites', 'The Favorites folder'], [False, 'fetched', 'The Fetched folder'], [False, 'folder', '/usr/share/backgrounds'], [False, 'flickr', 'user:www.flickr.com/photos/peter-levi/;user_id:93647178@N00;'], [False, 'apod', "NASA's Astronomy Picture of the Day"], [False, 'bing', 'Bing Photo of the Day'], [False, 'earthview', 'Google Earth View Wallpapers'], [False, 'natgeo', "National Geographic's photo of the day"], [False, 'unsplash', 'High-resolution photos from Unsplash.com'], [False, 'wallhaven', 'abstract'], [True, 'wallhaven', 'minimal'], [True, 'wallhaven', 'space'], [True, 'wallhaven', 'scifi']]'
INFO: 2022-12-14 21:40:36,319: log_options() 'stats_enabled = True'
INFO: 2022-12-14 21:40:36,319: log_options() 'stats_notice_shown = False'
INFO: 2022-12-14 21:40:36,319: log_options() 'sync_enabled = True'
INFO: 2022-12-14 21:40:36,319: log_options() 'use_landscape_enabled = True'
INFO: 2022-12-14 21:40:36,319: log_options() 'wallhaven_api_key = '
INFO: 2022-12-14 21:40:36,319: log_options() 'wallpaper_auto_rotate = True'
INFO: 2022-12-14 21:40:36,319: log_options() 'wallpaper_display_mode = os'
INFO: 2022-12-14 21:40:36,319: reload_config() 'No need to clear prepared queue'
INFO: 2022-12-14 21:40:36,319: update_indicator() 'Setting file info to: /home/arcolarge/Dropbox/Apps/wallpapers/downloaded/Downloaded by Variety/wallhaven_space/wallhaven-432gd0.jpg'
INFO: 2022-12-14 21:40:36,352: load_last_change_time() 'Change interval < 6 hours, ignore persisted last_change_time, wait initially the whole interval: 600'
INFO: 2022-12-14 21:40:36,358: update_indicator() 'Setting file info to: /home/arcolarge/Dropbox/Apps/wallpapers/downloaded/Downloaded by Variety/wallhaven_space/wallhaven-432gd0.jpg'
INFO: 2022-12-14 21:40:36,488: do_set_wp() 'Calling do_set_wp with /home/arcolarge/Dropbox/Apps/wallpapers/downloaded/Downloaded by Variety/wallhaven_space/wallhaven-432gd0.jpg, time: 1671072036.48826'
INFO: 2022-12-14 21:40:36,489: apply_auto_rotate() 'ImageMagick auto-rotate cmd: convert '/home/arcolarge/Dropbox/Apps/wallpapers/downloaded/Downloaded by Variety/wallhaven_space/wallhaven-432gd0.jpg' -auto-orient /home/arcolarge/.config/variety/wallpaper/wallpaper-auto-rotated-6843d7e02f43ce3cbe65b48c56371b85.jpg'
INFO: 2022-12-14 21:40:36,497: regular_change_thread() 'regular_change thread running'
INFO: 2022-12-14 21:40:36,518: prepare_thread() 'Prepare thread running'
INFO: 2022-12-14 21:40:36,522: prepare_thread() 'Prepared buffer contains 0 images'
INFO: 2022-12-14 21:40:36,522: prepare_thread() 'Preparing some images'
INFO: 2022-12-14 21:40:36,593: update_indicator_icon() 'Creating indicator'
WARNING: 2022-12-14 21:40:36,637: create_menu() 'Variety Slideshow is not installed. This is an optional extension adding pan-and-zoom slideshows to Variety: see https://github.com/peterlevi/variety-slideshow for details'
INFO: 2022-12-14 21:40:36,657: create_indicator() 'indicator backend: AppIndicator3'
INFO: 2022-12-14 21:40:36,849: set_from_theme_icon() 'Showing indicator icon variety-indicator from GTK theme'
INFO: 2022-12-14 21:40:37,229: prepare_thread() 'After search prepared buffer contains 89 images'
INFO: 2022-12-14 21:40:38,488: reload() 'Reloading preferences dialog'
INFO: 2022-12-14 21:40:38,546: update_indicator() 'Setting file info to: /home/arcolarge/Dropbox/Apps/wallpapers/downloaded/Downloaded by Variety/wallhaven_space/wallhaven-432gd0.jpg'
INFO: 2022-12-14 21:40:38,558: list_files() 'More than 1 files in the folders, stop listing'
INFO: 2022-12-14 21:40:39,247: trigger_download() 'Triggering download thread to check if download needed and possible'
INFO: 2022-12-14 21:40:42,949: set_wallpaper() 'Calling set_wallpaper with /home/arcolarge/Dropbox/Apps/wallpapers/downloaded/Downloaded by Variety/wallhaven_space/wallhaven-2kpmkm.png'
INFO: 2022-12-14 21:40:43,154: prepare_thread() 'Prepared buffer contains 89 images'
INFO: 2022-12-14 21:40:43,175: do_set_wp() 'Calling do_set_wp with /home/arcolarge/Dropbox/Apps/wallpapers/downloaded/Downloaded by Variety/wallhaven_space/wallhaven-2kpmkm.png, time: 1671072043.175317'
INFO: 2022-12-14 21:40:45,165: trigger_download() 'Triggering download thread to check if download needed and possible'
INFO: 2022-12-14 21:40:45,165: trigger_download() 'Triggering download thread to check if download needed and possible'
INFO: 2022-12-14 21:40:45,182: get_throttling() 'Wallhaven.cc: parsing serverside options'
INFO: 2022-12-14 21:40:45,183: get_throttling() 'Could not parse Wallhaven.cc serverside options, using defaults 360, 40'
INFO: 2022-12-14 21:40:45,183: get_throttling() 'Wallhaven.cc: parsing serverside options'
INFO: 2022-12-14 21:40:45,183: get_throttling() 'Could not parse Wallhaven.cc serverside options, using defaults 360, 40'
INFO: 2022-12-14 21:40:45,183: download_one() 'Wallhaven.cc: Downloading an image, config: space'
INFO: 2022-12-14 21:40:45,183: download_one() 'Wallhaven.cc: Queue size: 0'
INFO: 2022-12-14 21:40:45,183: get_throttling() 'Wallhaven.cc: parsing serverside options'
INFO: 2022-12-14 21:40:45,183: get_throttling() 'Could not parse Wallhaven.cc serverside options, using defaults 360, 40'
INFO: 2022-12-14 21:40:45,183: download_one() 'Wallhaven.cc: Filling queue'
INFO: 2022-12-14 21:40:45,184: search() 'Performing wallhaven search: url=https://wallhaven.cc/api/v1/search?q=space&categories=111&purity=100&sorting=favorites&order=desc'
INFO: 2022-12-14 21:40:46,126: fill_queue() '10768 wallpapers in result, using page 33'
INFO: 2022-12-14 21:40:46,126: search() 'Performing wallhaven search: url=https://wallhaven.cc/api/v1/search?q=space&categories=111&purity=100&sorting=favorites&order=desc&page=33'
INFO: 2022-12-14 21:40:46,971: download_one() 'Wallhaven.cc: Queue populated with 12 URLs'
INFO: 2022-12-14 21:40:46,971: download_queue_item() 'Wallpaper URL: https://wallhaven.cc/w/4d5rmo'
INFO: 2022-12-14 21:40:46,971: download_queue_item() 'Image src URL: https://w.wallhaven.cc/full/4d/wallhaven-4d5rmo.jpg'
INFO: 2022-12-14 21:40:47,781: save_locally() 'Origin URL: https://wallhaven.cc/w/4d5rmo'
INFO: 2022-12-14 21:40:47,782: save_locally() 'Image URL: https://w.wallhaven.cc/full/4d/wallhaven-4d5rmo.jpg'
INFO: 2022-12-14 21:40:47,782: save_locally() 'Local path: /home/arcolarge/Dropbox/Apps/wallpapers/downloaded/Downloaded by Variety/wallhaven_space/wallhaven-4d5rmo.jpg'
ERROR: 2022-12-14 21:40:47,838: set_desktop_wallpaper() 'Timeout while running set_wallpaper script, killed'
INFO: 2022-12-14 21:40:47,848: apply_auto_rotate() 'ImageMagick auto-rotate cmd: convert '/home/arcolarge/Dropbox/Apps/wallpapers/downloaded/Downloaded by Variety/wallhaven_space/wallhaven-2kpmkm.png' -auto-orient /home/arcolarge/.config/variety/wallpaper/wallpaper-auto-rotated-854e1a73f9bef8b2777fc10302e480a6.jpg'
INFO: 2022-12-14 21:40:48,530: update_indicator() 'Setting file info to: /home/arcolarge/Dropbox/Apps/wallpapers/downloaded/Downloaded by Variety/wallhaven_space/wallhaven-2kpmkm.png'
INFO: 2022-12-14 21:40:48,533: list_files() 'More than 1 files in the folders, stop listing'
INFO: 2022-12-14 21:40:48,697: save_locally() 'Download complete'
INFO: 2022-12-14 21:40:48,698: update_indicator() 'Setting file info to: /home/arcolarge/Dropbox/Apps/wallpapers/downloaded/Downloaded by Variety/wallhaven_space/wallhaven-432gd0.jpg'
INFO: 2022-12-14 21:40:48,702: list_files() 'More than 1 files in the folders, stop listing'
INFO: 2022-12-14 21:40:48,710: download_one_from() 'Adding downloaded file /home/arcolarge/Dropbox/Apps/wallpapers/downloaded/Downloaded by Variety/wallhaven_space/wallhaven-4d5rmo.jpg to unseen_downloads'
INFO: 2022-12-14 21:40:56,603: server_options_thread() 'Fetching server options from http://tiny.cc/variety-options-063'
INFO: 2022-12-14 21:40:57,747: server_options_thread() 'Fetched server options: {'flickr': {'min_fill_queue_interval': 1200, 'min_download_interval': 1200}, 'wallbase': {'min_fill_queue_interval': 1800, 'min_download_interval': 1800}, 'wallhaven': {'min_fill_queue_interval': 1800, 'min_download_interval': 1800}, 'wallpapers.net': {'min_fill_queue_interval': 601, 'min_download_interval': 0}, 'unsplash': {'min_fill_queue_interval': 20000000000, 'min_download_interval': 20000000000}, 'unsplash_v2': {'min_fill_queue_interval': 3600, 'min_download_interval': 1800}, 'status_message': {'0.0.1': '', '*': ''}}'
ERROR: 2022-12-14 21:40:58,538: set_desktop_wallpaper() 'Timeout while running set_wallpaper script, killed'
INFO: 2022-12-14 21:41:20,347: set_wallpaper() 'Calling set_wallpaper with /home/arcolarge/Dropbox/Apps/wallpapers/downloaded/Downloaded by Variety/wallhaven_minimal/wallhaven-y8k5j7.png'
INFO: 2022-12-14 21:41:20,347: prepare_thread() 'Prepared buffer contains 89 images'
INFO: 2022-12-14 21:41:20,357: do_set_wp() 'Calling do_set_wp with /home/arcolarge/Dropbox/Apps/wallpapers/downloaded/Downloaded by Variety/wallhaven_minimal/wallhaven-y8k5j7.png, time: 1671072080.357909'
INFO: 2022-12-14 21:41:20,360: apply_auto_rotate() 'ImageMagick auto-rotate cmd: convert '/home/arcolarge/Dropbox/Apps/wallpapers/downloaded/Downloaded by Variety/wallhaven_minimal/wallhaven-y8k5j7.png' -auto-orient /home/arcolarge/.config/variety/wallpaper/wallpaper-auto-rotated-5fe0509acc834ce3c75913f3a57328fa.jpg'
INFO: 2022-12-14 21:41:20,847: update_indicator() 'Setting file info to: /home/arcolarge/Dropbox/Apps/wallpapers/downloaded/Downloaded by Variety/wallhaven_minimal/wallhaven-y8k5j7.png'
INFO: 2022-12-14 21:41:20,855: list_files() 'More than 1 files in the folders, stop listing'
INFO: 2022-12-14 21:41:22,350: trigger_download() 'Triggering download thread to check if download needed and possible'
INFO: 2022-12-14 21:41:22,350: trigger_download() 'Triggering download thread to check if download needed and possible'
INFO: 2022-12-14 21:41:22,351: get_throttling() 'Wallhaven.cc: parsing serverside options'
INFO: 2022-12-14 21:41:22,351: get_throttling() 'Wallhaven.cc serverside options: {'min_fill_queue_interval': 1800, 'min_download_interval': 1800}'
INFO: 2022-12-14 21:41:22,352: get_throttling() 'Wallhaven.cc: parsing serverside options'
INFO: 2022-12-14 21:41:22,352: get_throttling() 'Wallhaven.cc serverside options: {'min_fill_queue_interval': 1800, 'min_download_interval': 1800}'
INFO: 2022-12-14 21:41:22,352: download_one() 'Wallhaven.cc: Downloading an image, config: minimal'
INFO: 2022-12-14 21:41:22,352: download_one() 'Wallhaven.cc: Queue size: 0'
INFO: 2022-12-14 21:41:22,352: get_throttling() 'Wallhaven.cc: parsing serverside options'
INFO: 2022-12-14 21:41:22,352: get_throttling() 'Wallhaven.cc serverside options: {'min_fill_queue_interval': 1800, 'min_download_interval': 1800}'
INFO: 2022-12-14 21:41:22,352: download_one() 'Wallhaven.cc: Filling queue'
INFO: 2022-12-14 21:41:22,353: search() 'Performing wallhaven search: url=https://wallhaven.cc/api/v1/search?q=minimal&categories=111&purity=100&sorting=favorites&order=desc'
INFO: 2022-12-14 21:41:23,064: fill_queue() '16764 wallpapers in result, using page 29'
INFO: 2022-12-14 21:41:23,067: search() 'Performing wallhaven search: url=https://wallhaven.cc/api/v1/search?q=minimal&categories=111&purity=100&sorting=favorites&order=desc&page=29'
INFO: 2022-12-14 21:41:23,692: download_one() 'Wallhaven.cc: Queue populated with 12 URLs'
INFO: 2022-12-14 21:41:23,692: download_queue_item() 'Wallpaper URL: https://wallhaven.cc/w/xl3x3d'
INFO: 2022-12-14 21:41:23,692: download_queue_item() 'Image src URL: https://w.wallhaven.cc/full/xl/wallhaven-xl3x3d.jpg'
INFO: 2022-12-14 21:41:24,136: save_locally() 'Origin URL: https://wallhaven.cc/w/xl3x3d'
INFO: 2022-12-14 21:41:24,136: save_locally() 'Image URL: https://w.wallhaven.cc/full/xl/wallhaven-xl3x3d.jpg'
INFO: 2022-12-14 21:41:24,136: save_locally() 'Local path: /home/arcolarge/Dropbox/Apps/wallpapers/downloaded/Downloaded by Variety/wallhaven_minimal/wallhaven-xl3x3d.jpg'
INFO: 2022-12-14 21:41:24,972: save_locally() 'Download complete'
INFO: 2022-12-14 21:41:24,973: update_indicator() 'Setting file info to: /home/arcolarge/Dropbox/Apps/wallpapers/downloaded/Downloaded by Variety/wallhaven_space/wallhaven-2kpmkm.png'
INFO: 2022-12-14 21:41:24,982: list_files() 'More than 1 files in the folders, stop listing'
INFO: 2022-12-14 21:41:24,984: download_one_from() 'Adding downloaded file /home/arcolarge/Dropbox/Apps/wallpapers/downloaded/Downloaded by Variety/wallhaven_minimal/wallhaven-xl3x3d.jpg to unseen_downloads'
ERROR: 2022-12-14 21:41:30,854: set_desktop_wallpaper() 'Timeout while running set_wallpaper script, killed'
